Loading cudnn8.9-cuda12.2/8.9.7.29
  Loading requirement: cuda12.2/toolkit/12.2.2
We did itttt
9720 + 94478400 * 4860 = -349237472
9721 + 94497841 * 4860 = -254749352
9722 + 94517284 * 4861 = -65724506
9723 + 94536729 * 4861 = 28802500
9724 + 94556176 * 4862 = 217905128
9725 + 94575625 * 4862 = 312471028
9726 + 94595076 * 4863 = 501651454
9727 + 94614529 * 4863 = 596256256
9728 + 94633984 * 4864 = 785514496
9729 + 94653441 * 4864 = 880158208
9730 + 94672900 * 4865 = 1069494278
9731 + 94692361 * 4865 = 1164176908
9732 + 94711824 * 4866 = 1353590824
9733 + 94731289 * 4866 = 1448312380
9734 + 94750756 * 4867 = 1637804158
9735 + 94770225 * 4867 = 1732564648
9736 + 94789696 * 4868 = 1922134304
9737 + 94809169 * 4868 = 2016933736
9738 + 94828644 * 4869 = -2088386010
9739 + 94848121 * 4869 = -1993547628
